<?xml version="1.0" encoding="UTF-8"?>
<testsuite xmlns:xsi="http://www.w3.org/2001/XMLSchema-instance" xsi:noNamespaceSchemaLocation="https://maven.apache.org/surefire/maven-surefire-plugin/xsd/surefire-test-report.xsd" name="com.common.JunitTest" time="0.02" tests="1" errors="0" skipped="0" failures="0">
  <properties>
    <property name="sun.desktop" value="windows"/>
    <property name="awt.toolkit" value="sun.awt.windows.WToolkit"/>
    <property name="java.specification.version" value="11"/>
    <property name="sun.cpu.isalist" value="amd64"/>
    <property name="sun.jnu.encoding" value="MS949"/>
    <property name="java.class.path" value="C:\Users\qjawn\Desktop\intellij\workspace\shopping-mall\shop-web\target\test-classes;C:\Users\qjawn\Desktop\intellij\workspace\shopping-mall\shop-web\target\classes;C:\maven\repository\repo-shop\org\springframework\boot\spring-boot-starter-web\2.5.2\spring-boot-starter-web-2.5.2.jar;C:\maven\repository\repo-shop\org\springframework\boot\spring-boot-starter\2.5.2\spring-boot-starter-2.5.2.jar;C:\maven\repository\repo-shop\org\springframework\boot\spring-boot-starter-logging\2.5.2\spring-boot-starter-logging-2.5.2.jar;C:\maven\repository\repo-shop\ch\qos\logback\logback-classic\1.2.3\logback-classic-1.2.3.jar;C:\maven\repository\repo-shop\ch\qos\logback\logback-core\1.2.3\logback-core-1.2.3.jar;C:\maven\repository\repo-shop\org\apache\logging\log4j\log4j-to-slf4j\2.14.1\log4j-to-slf4j-2.14.1.jar;C:\maven\repository\repo-shop\org\apache\logging\log4j\log4j-api\2.14.1\log4j-api-2.14.1.jar;C:\maven\repository\repo-shop\org\slf4j\jul-to-slf4j\1.7.31\jul-to-slf4j-1.7.31.jar;C:\maven\repository\repo-shop\jakarta\annotation\jakarta.annotation-api\1.3.5\jakarta.annotation-api-1.3.5.jar;C:\maven\repository\repo-shop\org\yaml\snakeyaml\1.28\snakeyaml-1.28.jar;C:\maven\repository\repo-shop\org\springframework\boot\spring-boot-starter-json\2.5.2\spring-boot-starter-json-2.5.2.jar;C:\maven\repository\repo-shop\com\fasterxml\jackson\datatype\jackson-datatype-jdk8\2.12.3\jackson-datatype-jdk8-2.12.3.jar;C:\maven\repository\repo-shop\com\fasterxml\jackson\datatype\jackson-datatype-jsr310\2.12.3\jackson-datatype-jsr310-2.12.3.jar;C:\maven\repository\repo-shop\com\fasterxml\jackson\module\jackson-module-parameter-names\2.12.3\jackson-module-parameter-names-2.12.3.jar;C:\maven\repository\repo-shop\org\springframework\boot\spring-boot-starter-tomcat\2.5.2\spring-boot-starter-tomcat-2.5.2.jar;C:\maven\repository\repo-shop\org\apache\tomcat\embed\tomcat-embed-core\9.0.48\tomcat-embed-core-9.0.48.jar;C:\maven\repository\repo-shop\org\apache\tomcat\embed\tomcat-embed-websocket\9.0.48\tomcat-embed-websocket-9.0.48.jar;C:\maven\repository\repo-shop\org\springframework\spring-web\5.3.8\spring-web-5.3.8.jar;C:\maven\repository\repo-shop\org\springframework\spring-beans\5.3.8\spring-beans-5.3.8.jar;C:\maven\repository\repo-shop\org\springframework\spring-webmvc\5.3.8\spring-webmvc-5.3.8.jar;C:\maven\repository\repo-shop\org\springframework\spring-context\5.3.8\spring-context-5.3.8.jar;C:\maven\repository\repo-shop\org\springframework\spring-expression\5.3.8\spring-expression-5.3.8.jar;C:\maven\repository\repo-shop\org\springframework\boot\spring-boot-starter-test\2.5.2\spring-boot-starter-test-2.5.2.jar;C:\maven\repository\repo-shop\org\springframework\boot\spring-boot-test\2.5.2\spring-boot-test-2.5.2.jar;C:\maven\repository\repo-shop\org\springframework\boot\spring-boot-test-autoconfigure\2.5.2\spring-boot-test-autoconfigure-2.5.2.jar;C:\maven\repository\repo-shop\com\jayway\jsonpath\json-path\2.5.0\json-path-2.5.0.jar;C:\maven\repository\repo-shop\net\minidev\json-smart\2.4.7\json-smart-2.4.7.jar;C:\maven\repository\repo-shop\net\minidev\accessors-smart\2.4.7\accessors-smart-2.4.7.jar;C:\maven\repository\repo-shop\org\ow2\asm\asm\9.1\asm-9.1.jar;C:\maven\repository\repo-shop\jakarta\xml\bind\jakarta.xml.bind-api\2.3.3\jakarta.xml.bind-api-2.3.3.jar;C:\maven\repository\repo-shop\jakarta\activation\jakarta.activation-api\1.2.2\jakarta.activation-api-1.2.2.jar;C:\maven\repository\repo-shop\org\assertj\assertj-core\3.19.0\assertj-core-3.19.0.jar;C:\maven\repository\repo-shop\org\hamcrest\hamcrest\2.2\hamcrest-2.2.jar;C:\maven\repository\repo-shop\org\junit\jupiter\junit-jupiter\5.7.2\junit-jupiter-5.7.2.jar;C:\maven\repository\repo-shop\org\junit\jupiter\junit-jupiter-api\5.7.2\junit-jupiter-api-5.7.2.jar;C:\maven\repository\repo-shop\org\apiguardian\apiguardian-api\1.1.0\apiguardian-api-1.1.0.jar;C:\maven\repository\repo-shop\org\opentest4j\opentest4j\1.2.0\opentest4j-1.2.0.jar;C:\maven\repository\repo-shop\org\junit\platform\junit-platform-commons\1.7.2\junit-platform-commons-1.7.2.jar;C:\maven\repository\repo-shop\org\junit\jupiter\junit-jupiter-params\5.7.2\junit-jupiter-params-5.7.2.jar;C:\maven\repository\repo-shop\org\junit\jupiter\junit-jupiter-engine\5.7.2\junit-jupiter-engine-5.7.2.jar;C:\maven\repository\repo-shop\org\junit\platform\junit-platform-engine\1.7.2\junit-platform-engine-1.7.2.jar;C:\maven\repository\repo-shop\org\mockito\mockito-core\3.9.0\mockito-core-3.9.0.jar;C:\maven\repository\repo-shop\net\bytebuddy\byte-buddy\1.10.22\byte-buddy-1.10.22.jar;C:\maven\repository\repo-shop\net\bytebuddy\byte-buddy-agent\1.10.22\byte-buddy-agent-1.10.22.jar;C:\maven\repository\repo-shop\org\objenesis\objenesis\3.2\objenesis-3.2.jar;C:\maven\repository\repo-shop\org\mockito\mockito-junit-jupiter\3.9.0\mockito-junit-jupiter-3.9.0.jar;C:\maven\repository\repo-shop\org\skyscreamer\jsonassert\1.5.0\jsonassert-1.5.0.jar;C:\maven\repository\repo-shop\com\vaadin\external\google\android-json\0.0.20131108.vaadin1\android-json-0.0.20131108.vaadin1.jar;C:\maven\repository\repo-shop\org\springframework\spring-core\5.3.8\spring-core-5.3.8.jar;C:\maven\repository\repo-shop\org\springframework\spring-jcl\5.3.8\spring-jcl-5.3.8.jar;C:\maven\repository\repo-shop\org\springframework\spring-test\5.3.8\spring-test-5.3.8.jar;C:\maven\repository\repo-shop\org\xmlunit\xmlunit-core\2.8.2\xmlunit-core-2.8.2.jar;C:\maven\repository\repo-shop\org\springframework\boot\spring-boot-starter-data-jpa\2.5.2\spring-boot-starter-data-jpa-2.5.2.jar;C:\maven\repository\repo-shop\org\springframework\boot\spring-boot-starter-aop\2.5.2\spring-boot-starter-aop-2.5.2.jar;C:\maven\repository\repo-shop\org\aspectj\aspectjweaver\1.9.6\aspectjweaver-1.9.6.jar;C:\maven\repository\repo-shop\org\springframework\boot\spring-boot-starter-jdbc\2.5.2\spring-boot-starter-jdbc-2.5.2.jar;C:\maven\repository\repo-shop\com\zaxxer\HikariCP\4.0.3\HikariCP-4.0.3.jar;C:\maven\repository\repo-shop\org\springframework\spring-jdbc\5.3.8\spring-jdbc-5.3.8.jar;C:\maven\repository\repo-shop\jakarta\transaction\jakarta.transaction-api\1.3.3\jakarta.transaction-api-1.3.3.jar;C:\maven\repository\repo-shop\jakarta\persistence\jakarta.persistence-api\2.2.3\jakarta.persistence-api-2.2.3.jar;C:\maven\repository\repo-shop\org\hibernate\hibernate-core\5.4.32.Final\hibernate-core-5.4.32.Final.jar;C:\maven\repository\repo-shop\org\jboss\logging\jboss-logging\3.4.2.Final\jboss-logging-3.4.2.Final.jar;C:\maven\repository\repo-shop\org\javassist\javassist\3.27.0-GA\javassist-3.27.0-GA.jar;C:\maven\repository\repo-shop\antlr\antlr\2.7.7\antlr-2.7.7.jar;C:\maven\repository\repo-shop\org\jboss\jandex\2.2.3.Final\jandex-2.2.3.Final.jar;C:\maven\repository\repo-shop\com\fasterxml\classmate\1.5.1\classmate-1.5.1.jar;C:\maven\repository\repo-shop\org\dom4j\dom4j\2.1.3\dom4j-2.1.3.jar;C:\maven\repository\repo-shop\org\hibernate\common\hibernate-commons-annotations\5.1.2.Final\hibernate-commons-annotations-5.1.2.Final.jar;C:\maven\repository\repo-shop\org\glassfish\jaxb\jaxb-runtime\2.3.4\jaxb-runtime-2.3.4.jar;C:\maven\repository\repo-shop\org\glassfish\jaxb\txw2\2.3.4\txw2-2.3.4.jar;C:\maven\repository\repo-shop\com\sun\istack\istack-commons-runtime\3.0.12\istack-commons-runtime-3.0.12.jar;C:\maven\repository\repo-shop\com\sun\activation\jakarta.activation\1.2.2\jakarta.activation-1.2.2.jar;C:\maven\repository\repo-shop\org\springframework\data\spring-data-jpa\2.5.2\spring-data-jpa-2.5.2.jar;C:\maven\repository\repo-shop\org\springframework\data\spring-data-commons\2.5.2\spring-data-commons-2.5.2.jar;C:\maven\repository\repo-shop\org\springframework\spring-orm\5.3.8\spring-orm-5.3.8.jar;C:\maven\repository\repo-shop\org\springframework\spring-tx\5.3.8\spring-tx-5.3.8.jar;C:\maven\repository\repo-shop\org\springframework\spring-aspects\5.3.8\spring-aspects-5.3.8.jar;C:\maven\repository\repo-shop\org\springframework\boot\spring-boot-starter-validation\2.5.2\spring-boot-starter-validation-2.5.2.jar;C:\maven\repository\repo-shop\org\apache\tomcat\embed\tomcat-embed-el\9.0.48\tomcat-embed-el-9.0.48.jar;C:\maven\repository\repo-shop\org\hibernate\validator\hibernate-validator\6.2.0.Final\hibernate-validator-6.2.0.Final.jar;C:\maven\repository\repo-shop\jakarta\validation\jakarta.validation-api\2.0.2\jakarta.validation-api-2.0.2.jar;C:\maven\repository\repo-shop\org\springframework\boot\spring-boot-starter-thymeleaf\2.5.2\spring-boot-starter-thymeleaf-2.5.2.jar;C:\maven\repository\repo-shop\org\thymeleaf\thymeleaf-spring5\3.0.12.RELEASE\thymeleaf-spring5-3.0.12.RELEASE.jar;C:\maven\repository\repo-shop\org\thymeleaf\extras\thymeleaf-extras-java8time\3.0.4.RELEASE\thymeleaf-extras-java8time-3.0.4.RELEASE.jar;C:\maven\repository\repo-shop\org\springframework\boot\spring-boot-starter-security\2.5.2\spring-boot-starter-security-2.5.2.jar;C:\maven\repository\repo-shop\org\springframework\spring-aop\5.3.8\spring-aop-5.3.8.jar;C:\maven\repository\repo-shop\org\springframework\security\spring-security-config\5.5.1\spring-security-config-5.5.1.jar;C:\maven\repository\repo-shop\org\springframework\security\spring-security-core\5.5.1\spring-security-core-5.5.1.jar;C:\maven\repository\repo-shop\org\springframework\security\spring-security-crypto\5.5.1\spring-security-crypto-5.5.1.jar;C:\maven\repository\repo-shop\org\springframework\security\spring-security-web\5.5.1\spring-security-web-5.5.1.jar;C:\maven\repository\repo-shop\io\jsonwebtoken\jjwt-api\0.11.2\jjwt-api-0.11.2.jar;C:\maven\repository\repo-shop\io\jsonwebtoken\jjwt-impl\0.11.2\jjwt-impl-0.11.2.jar;C:\maven\repository\repo-shop\io\jsonwebtoken\jjwt-jackson\0.11.2\jjwt-jackson-0.11.2.jar;C:\maven\repository\repo-shop\com\fasterxml\jackson\core\jackson-databind\2.12.3\jackson-databind-2.12.3.jar;C:\maven\repository\repo-shop\com\fasterxml\jackson\core\jackson-annotations\2.12.3\jackson-annotations-2.12.3.jar;C:\maven\repository\repo-shop\com\fasterxml\jackson\core\jackson-core\2.12.3\jackson-core-2.12.3.jar;C:\maven\repository\repo-shop\com\h2database\h2\1.4.200\h2-1.4.200.jar;C:\maven\repository\repo-shop\mysql\mysql-connector-java\8.0.25\mysql-connector-java-8.0.25.jar;C:\maven\repository\repo-shop\org\projectlombok\lombok\1.18.20\lombok-1.18.20.jar;C:\maven\repository\repo-shop\com\querydsl\querydsl-jpa\4.3.1\querydsl-jpa-4.3.1.jar;C:\maven\repository\repo-shop\com\querydsl\querydsl-core\4.4.0\querydsl-core-4.4.0.jar;C:\maven\repository\repo-shop\com\google\guava\guava\18.0\guava-18.0.jar;C:\maven\repository\repo-shop\com\google\code\findbugs\jsr305\1.3.9\jsr305-1.3.9.jar;C:\maven\repository\repo-shop\com\mysema\commons\mysema-commons-lang\0.2.4\mysema-commons-lang-0.2.4.jar;C:\maven\repository\repo-shop\com\infradna\tool\bridge-method-annotation\1.13\bridge-method-annotation-1.13.jar;C:\maven\repository\repo-shop\javax\inject\javax.inject\1\javax.inject-1.jar;C:\maven\repository\repo-shop\org\slf4j\slf4j-api\1.7.31\slf4j-api-1.7.31.jar;C:\maven\repository\repo-shop\com\querydsl\querydsl-apt\4.3.1\querydsl-apt-4.3.1.jar;C:\maven\repository\repo-shop\com\querydsl\querydsl-codegen\4.3.1\querydsl-codegen-4.3.1.jar;C:\maven\repository\repo-shop\com\mysema\codegen\codegen\0.6.8\codegen-0.6.8.jar;C:\maven\repository\repo-shop\org\eclipse\jdt\core\compiler\ecj\4.3.1\ecj-4.3.1.jar;C:\maven\repository\repo-shop\org\reflections\reflections\0.9.9\reflections-0.9.9.jar;C:\maven\repository\repo-shop\com\google\code\findbugs\annotations\2.0.1\annotations-2.0.1.jar;C:\maven\repository\repo-shop\org\springframework\boot\spring-boot-devtools\2.5.2\spring-boot-devtools-2.5.2.jar;C:\maven\repository\repo-shop\org\springframework\boot\spring-boot\2.5.2\spring-boot-2.5.2.jar;C:\maven\repository\repo-shop\org\springframework\boot\spring-boot-autoconfigure\2.5.2\spring-boot-autoconfigure-2.5.2.jar;C:\maven\repository\repo-shop\nz\net\ultraq\thymeleaf\thymeleaf-layout-dialect\2.5.1\thymeleaf-layout-dialect-2.5.1.jar;C:\maven\repository\repo-shop\nz\net\ultraq\extensions\groovy-extensions\0.3.0\groovy-extensions-0.3.0.jar;C:\maven\repository\repo-shop\nz\net\ultraq\thymeleaf\thymeleaf-expression-processor\1.2.0\thymeleaf-expression-processor-1.2.0.jar;C:\maven\repository\repo-shop\org\codehaus\groovy\groovy\3.0.8\groovy-3.0.8.jar;C:\maven\repository\repo-shop\org\thymeleaf\thymeleaf\3.0.12.RELEASE\thymeleaf-3.0.12.RELEASE.jar;C:\maven\repository\repo-shop\ognl\ognl\3.1.26\ognl-3.1.26.jar;C:\maven\repository\repo-shop\org\attoparser\attoparser\2.0.5.RELEASE\attoparser-2.0.5.RELEASE.jar;C:\maven\repository\repo-shop\org\unbescape\unbescape\1.1.6.RELEASE\unbescape-1.1.6.RELEASE.jar;"/>
    <property name="java.vm.vendor" value="Oracle Corporation"/>
    <property name="sun.arch.data.model" value="64"/>
    <property name="user.variant" value=""/>
    <property name="java.vendor.url" value="https://openjdk.java.net/"/>
    <property name="user.timezone" value="Asia/Seoul"/>
    <property name="java.vm.specification.version" value="11"/>
    <property name="os.name" value="Windows 11"/>
    <property name="sun.java.launcher" value="SUN_STANDARD"/>
    <property name="user.country" value="KR"/>
    <property name="sun.boot.library.path" value="C:\Program Files\Java\jdk-11.0.16.1\bin"/>
    <property name="sun.java.command" value="C:\Users\qjawn\AppData\Local\Temp\surefire17321281504058869233\surefirebooter18215218331377996596.jar C:\Users\qjawn\AppData\Local\Temp\surefire17321281504058869233 2024-02-01T23-33-58_480-jvmRun1 surefire4389110605765005623tmp surefire_014618722181626762410tmp"/>
    <property name="jdk.debug" value="release"/>
    <property name="surefire.test.class.path" value="C:\Users\qjawn\Desktop\intellij\workspace\shopping-mall\shop-web\target\test-classes;C:\Users\qjawn\Desktop\intellij\workspace\shopping-mall\shop-web\target\classes;C:\maven\repository\repo-shop\org\springframework\boot\spring-boot-starter-web\2.5.2\spring-boot-starter-web-2.5.2.jar;C:\maven\repository\repo-shop\org\springframework\boot\spring-boot-starter\2.5.2\spring-boot-starter-2.5.2.jar;C:\maven\repository\repo-shop\org\springframework\boot\spring-boot-starter-logging\2.5.2\spring-boot-starter-logging-2.5.2.jar;C:\maven\repository\repo-shop\ch\qos\logback\logback-classic\1.2.3\logback-classic-1.2.3.jar;C:\maven\repository\repo-shop\ch\qos\logback\logback-core\1.2.3\logback-core-1.2.3.jar;C:\maven\repository\repo-shop\org\apache\logging\log4j\log4j-to-slf4j\2.14.1\log4j-to-slf4j-2.14.1.jar;C:\maven\repository\repo-shop\org\apache\logging\log4j\log4j-api\2.14.1\log4j-api-2.14.1.jar;C:\maven\repository\repo-shop\org\slf4j\jul-to-slf4j\1.7.31\jul-to-slf4j-1.7.31.jar;C:\maven\repository\repo-shop\jakarta\annotation\jakarta.annotation-api\1.3.5\jakarta.annotation-api-1.3.5.jar;C:\maven\repository\repo-shop\org\yaml\snakeyaml\1.28\snakeyaml-1.28.jar;C:\maven\repository\repo-shop\org\springframework\boot\spring-boot-starter-json\2.5.2\spring-boot-starter-json-2.5.2.jar;C:\maven\repository\repo-shop\com\fasterxml\jackson\datatype\jackson-datatype-jdk8\2.12.3\jackson-datatype-jdk8-2.12.3.jar;C:\maven\repository\repo-shop\com\fasterxml\jackson\datatype\jackson-datatype-jsr310\2.12.3\jackson-datatype-jsr310-2.12.3.jar;C:\maven\repository\repo-shop\com\fasterxml\jackson\module\jackson-module-parameter-names\2.12.3\jackson-module-parameter-names-2.12.3.jar;C:\maven\repository\repo-shop\org\springframework\boot\spring-boot-starter-tomcat\2.5.2\spring-boot-starter-tomcat-2.5.2.jar;C:\maven\repository\repo-shop\org\apache\tomcat\embed\tomcat-embed-core\9.0.48\tomcat-embed-core-9.0.48.jar;C:\maven\repository\repo-shop\org\apache\tomcat\embed\tomcat-embed-websocket\9.0.48\tomcat-embed-websocket-9.0.48.jar;C:\maven\repository\repo-shop\org\springframework\spring-web\5.3.8\spring-web-5.3.8.jar;C:\maven\repository\repo-shop\org\springframework\spring-beans\5.3.8\spring-beans-5.3.8.jar;C:\maven\repository\repo-shop\org\springframework\spring-webmvc\5.3.8\spring-webmvc-5.3.8.jar;C:\maven\repository\repo-shop\org\springframework\spring-context\5.3.8\spring-context-5.3.8.jar;C:\maven\repository\repo-shop\org\springframework\spring-expression\5.3.8\spring-expression-5.3.8.jar;C:\maven\repository\repo-shop\org\springframework\boot\spring-boot-starter-test\2.5.2\spring-boot-starter-test-2.5.2.jar;C:\maven\repository\repo-shop\org\springframework\boot\spring-boot-test\2.5.2\spring-boot-test-2.5.2.jar;C:\maven\repository\repo-shop\org\springframework\boot\spring-boot-test-autoconfigure\2.5.2\spring-boot-test-autoconfigure-2.5.2.jar;C:\maven\repository\repo-shop\com\jayway\jsonpath\json-path\2.5.0\json-path-2.5.0.jar;C:\maven\repository\repo-shop\net\minidev\json-smart\2.4.7\json-smart-2.4.7.jar;C:\maven\repository\repo-shop\net\minidev\accessors-smart\2.4.7\accessors-smart-2.4.7.jar;C:\maven\repository\repo-shop\org\ow2\asm\asm\9.1\asm-9.1.jar;C:\maven\repository\repo-shop\jakarta\xml\bind\jakarta.xml.bind-api\2.3.3\jakarta.xml.bind-api-2.3.3.jar;C:\maven\repository\repo-shop\jakarta\activation\jakarta.activation-api\1.2.2\jakarta.activation-api-1.2.2.jar;C:\maven\repository\repo-shop\org\assertj\assertj-core\3.19.0\assertj-core-3.19.0.jar;C:\maven\repository\repo-shop\org\hamcrest\hamcrest\2.2\hamcrest-2.2.jar;C:\maven\repository\repo-shop\org\junit\jupiter\junit-jupiter\5.7.2\junit-jupiter-5.7.2.jar;C:\maven\repository\repo-shop\org\junit\jupiter\junit-jupiter-api\5.7.2\junit-jupiter-api-5.7.2.jar;C:\maven\repository\repo-shop\org\apiguardian\apiguardian-api\1.1.0\apiguardian-api-1.1.0.jar;C:\maven\repository\repo-shop\org\opentest4j\opentest4j\1.2.0\opentest4j-1.2.0.jar;C:\maven\repository\repo-shop\org\junit\platform\junit-platform-commons\1.7.2\junit-platform-commons-1.7.2.jar;C:\maven\repository\repo-shop\org\junit\jupiter\junit-jupiter-params\5.7.2\junit-jupiter-params-5.7.2.jar;C:\maven\repository\repo-shop\org\junit\jupiter\junit-jupiter-engine\5.7.2\junit-jupiter-engine-5.7.2.jar;C:\maven\repository\repo-shop\org\junit\platform\junit-platform-engine\1.7.2\junit-platform-engine-1.7.2.jar;C:\maven\repository\repo-shop\org\mockito\mockito-core\3.9.0\mockito-core-3.9.0.jar;C:\maven\repository\repo-shop\net\bytebuddy\byte-buddy\1.10.22\byte-buddy-1.10.22.jar;C:\maven\repository\repo-shop\net\bytebuddy\byte-buddy-agent\1.10.22\byte-buddy-agent-1.10.22.jar;C:\maven\repository\repo-shop\org\objenesis\objenesis\3.2\objenesis-3.2.jar;C:\maven\repository\repo-shop\org\mockito\mockito-junit-jupiter\3.9.0\mockito-junit-jupiter-3.9.0.jar;C:\maven\repository\repo-shop\org\skyscreamer\jsonassert\1.5.0\jsonassert-1.5.0.jar;C:\maven\repository\repo-shop\com\vaadin\external\google\android-json\0.0.20131108.vaadin1\android-json-0.0.20131108.vaadin1.jar;C:\maven\repository\repo-shop\org\springframework\spring-core\5.3.8\spring-core-5.3.8.jar;C:\maven\repository\repo-shop\org\springframework\spring-jcl\5.3.8\spring-jcl-5.3.8.jar;C:\maven\repository\repo-shop\org\springframework\spring-test\5.3.8\spring-test-5.3.8.jar;C:\maven\repository\repo-shop\org\xmlunit\xmlunit-core\2.8.2\xmlunit-core-2.8.2.jar;C:\maven\repository\repo-shop\org\springframework\boot\spring-boot-starter-data-jpa\2.5.2\spring-boot-starter-data-jpa-2.5.2.jar;C:\maven\repository\repo-shop\org\springframework\boot\spring-boot-starter-aop\2.5.2\spring-boot-starter-aop-2.5.2.jar;C:\maven\repository\repo-shop\org\aspectj\aspectjweaver\1.9.6\aspectjweaver-1.9.6.jar;C:\maven\repository\repo-shop\org\springframework\boot\spring-boot-starter-jdbc\2.5.2\spring-boot-starter-jdbc-2.5.2.jar;C:\maven\repository\repo-shop\com\zaxxer\HikariCP\4.0.3\HikariCP-4.0.3.jar;C:\maven\repository\repo-shop\org\springframework\spring-jdbc\5.3.8\spring-jdbc-5.3.8.jar;C:\maven\repository\repo-shop\jakarta\transaction\jakarta.transaction-api\1.3.3\jakarta.transaction-api-1.3.3.jar;C:\maven\repository\repo-shop\jakarta\persistence\jakarta.persistence-api\2.2.3\jakarta.persistence-api-2.2.3.jar;C:\maven\repository\repo-shop\org\hibernate\hibernate-core\5.4.32.Final\hibernate-core-5.4.32.Final.jar;C:\maven\repository\repo-shop\org\jboss\logging\jboss-logging\3.4.2.Final\jboss-logging-3.4.2.Final.jar;C:\maven\repository\repo-shop\org\javassist\javassist\3.27.0-GA\javassist-3.27.0-GA.jar;C:\maven\repository\repo-shop\antlr\antlr\2.7.7\antlr-2.7.7.jar;C:\maven\repository\repo-shop\org\jboss\jandex\2.2.3.Final\jandex-2.2.3.Final.jar;C:\maven\repository\repo-shop\com\fasterxml\classmate\1.5.1\classmate-1.5.1.jar;C:\maven\repository\repo-shop\org\dom4j\dom4j\2.1.3\dom4j-2.1.3.jar;C:\maven\repository\repo-shop\org\hibernate\common\hibernate-commons-annotations\5.1.2.Final\hibernate-commons-annotations-5.1.2.Final.jar;C:\maven\repository\repo-shop\org\glassfish\jaxb\jaxb-runtime\2.3.4\jaxb-runtime-2.3.4.jar;C:\maven\repository\repo-shop\org\glassfish\jaxb\txw2\2.3.4\txw2-2.3.4.jar;C:\maven\repository\repo-shop\com\sun\istack\istack-commons-runtime\3.0.12\istack-commons-runtime-3.0.12.jar;C:\maven\repository\repo-shop\com\sun\activation\jakarta.activation\1.2.2\jakarta.activation-1.2.2.jar;C:\maven\repository\repo-shop\org\springframework\data\spring-data-jpa\2.5.2\spring-data-jpa-2.5.2.jar;C:\maven\repository\repo-shop\org\springframework\data\spring-data-commons\2.5.2\spring-data-commons-2.5.2.jar;C:\maven\repository\repo-shop\org\springframework\spring-orm\5.3.8\spring-orm-5.3.8.jar;C:\maven\repository\repo-shop\org\springframework\spring-tx\5.3.8\spring-tx-5.3.8.jar;C:\maven\repository\repo-shop\org\springframework\spring-aspects\5.3.8\spring-aspects-5.3.8.jar;C:\maven\repository\repo-shop\org\springframework\boot\spring-boot-starter-validation\2.5.2\spring-boot-starter-validation-2.5.2.jar;C:\maven\repository\repo-shop\org\apache\tomcat\embed\tomcat-embed-el\9.0.48\tomcat-embed-el-9.0.48.jar;C:\maven\repository\repo-shop\org\hibernate\validator\hibernate-validator\6.2.0.Final\hibernate-validator-6.2.0.Final.jar;C:\maven\repository\repo-shop\jakarta\validation\jakarta.validation-api\2.0.2\jakarta.validation-api-2.0.2.jar;C:\maven\repository\repo-shop\org\springframework\boot\spring-boot-starter-thymeleaf\2.5.2\spring-boot-starter-thymeleaf-2.5.2.jar;C:\maven\repository\repo-shop\org\thymeleaf\thymeleaf-spring5\3.0.12.RELEASE\thymeleaf-spring5-3.0.12.RELEASE.jar;C:\maven\repository\repo-shop\org\thymeleaf\extras\thymeleaf-extras-java8time\3.0.4.RELEASE\thymeleaf-extras-java8time-3.0.4.RELEASE.jar;C:\maven\repository\repo-shop\org\springframework\boot\spring-boot-starter-security\2.5.2\spring-boot-starter-security-2.5.2.jar;C:\maven\repository\repo-shop\org\springframework\spring-aop\5.3.8\spring-aop-5.3.8.jar;C:\maven\repository\repo-shop\org\springframework\security\spring-security-config\5.5.1\spring-security-config-5.5.1.jar;C:\maven\repository\repo-shop\org\springframework\security\spring-security-core\5.5.1\spring-security-core-5.5.1.jar;C:\maven\repository\repo-shop\org\springframework\security\spring-security-crypto\5.5.1\spring-security-crypto-5.5.1.jar;C:\maven\repository\repo-shop\org\springframework\security\spring-security-web\5.5.1\spring-security-web-5.5.1.jar;C:\maven\repository\repo-shop\io\jsonwebtoken\jjwt-api\0.11.2\jjwt-api-0.11.2.jar;C:\maven\repository\repo-shop\io\jsonwebtoken\jjwt-impl\0.11.2\jjwt-impl-0.11.2.jar;C:\maven\repository\repo-shop\io\jsonwebtoken\jjwt-jackson\0.11.2\jjwt-jackson-0.11.2.jar;C:\maven\repository\repo-shop\com\fasterxml\jackson\core\jackson-databind\2.12.3\jackson-databind-2.12.3.jar;C:\maven\repository\repo-shop\com\fasterxml\jackson\core\jackson-annotations\2.12.3\jackson-annotations-2.12.3.jar;C:\maven\repository\repo-shop\com\fasterxml\jackson\core\jackson-core\2.12.3\jackson-core-2.12.3.jar;C:\maven\repository\repo-shop\com\h2database\h2\1.4.200\h2-1.4.200.jar;C:\maven\repository\repo-shop\mysql\mysql-connector-java\8.0.25\mysql-connector-java-8.0.25.jar;C:\maven\repository\repo-shop\org\projectlombok\lombok\1.18.20\lombok-1.18.20.jar;C:\maven\repository\repo-shop\com\querydsl\querydsl-jpa\4.3.1\querydsl-jpa-4.3.1.jar;C:\maven\repository\repo-shop\com\querydsl\querydsl-core\4.4.0\querydsl-core-4.4.0.jar;C:\maven\repository\repo-shop\com\google\guava\guava\18.0\guava-18.0.jar;C:\maven\repository\repo-shop\com\google\code\findbugs\jsr305\1.3.9\jsr305-1.3.9.jar;C:\maven\repository\repo-shop\com\mysema\commons\mysema-commons-lang\0.2.4\mysema-commons-lang-0.2.4.jar;C:\maven\repository\repo-shop\com\infradna\tool\bridge-method-annotation\1.13\bridge-method-annotation-1.13.jar;C:\maven\repository\repo-shop\javax\inject\javax.inject\1\javax.inject-1.jar;C:\maven\repository\repo-shop\org\slf4j\slf4j-api\1.7.31\slf4j-api-1.7.31.jar;C:\maven\repository\repo-shop\com\querydsl\querydsl-apt\4.3.1\querydsl-apt-4.3.1.jar;C:\maven\repository\repo-shop\com\querydsl\querydsl-codegen\4.3.1\querydsl-codegen-4.3.1.jar;C:\maven\repository\repo-shop\com\mysema\codegen\codegen\0.6.8\codegen-0.6.8.jar;C:\maven\repository\repo-shop\org\eclipse\jdt\core\compiler\ecj\4.3.1\ecj-4.3.1.jar;C:\maven\repository\repo-shop\org\reflections\reflections\0.9.9\reflections-0.9.9.jar;C:\maven\repository\repo-shop\com\google\code\findbugs\annotations\2.0.1\annotations-2.0.1.jar;C:\maven\repository\repo-shop\org\springframework\boot\spring-boot-devtools\2.5.2\spring-boot-devtools-2.5.2.jar;C:\maven\repository\repo-shop\org\springframework\boot\spring-boot\2.5.2\spring-boot-2.5.2.jar;C:\maven\repository\repo-shop\org\springframework\boot\spring-boot-autoconfigure\2.5.2\spring-boot-autoconfigure-2.5.2.jar;C:\maven\repository\repo-shop\nz\net\ultraq\thymeleaf\thymeleaf-layout-dialect\2.5.1\thymeleaf-layout-dialect-2.5.1.jar;C:\maven\repository\repo-shop\nz\net\ultraq\extensions\groovy-extensions\0.3.0\groovy-extensions-0.3.0.jar;C:\maven\repository\repo-shop\nz\net\ultraq\thymeleaf\thymeleaf-expression-processor\1.2.0\thymeleaf-expression-processor-1.2.0.jar;C:\maven\repository\repo-shop\org\codehaus\groovy\groovy\3.0.8\groovy-3.0.8.jar;C:\maven\repository\repo-shop\org\thymeleaf\thymeleaf\3.0.12.RELEASE\thymeleaf-3.0.12.RELEASE.jar;C:\maven\repository\repo-shop\ognl\ognl\3.1.26\ognl-3.1.26.jar;C:\maven\repository\repo-shop\org\attoparser\attoparser\2.0.5.RELEASE\attoparser-2.0.5.RELEASE.jar;C:\maven\repository\repo-shop\org\unbescape\unbescape\1.1.6.RELEASE\unbescape-1.1.6.RELEASE.jar;"/>
    <property name="sun.cpu.endian" value="little"/>
    <property name="user.home" value="C:\Users\qjawn"/>
    <property name="user.language" value="ko"/>
    <property name="java.specification.vendor" value="Oracle Corporation"/>
    <property name="java.version.date" value="2022-08-18"/>
    <property name="java.home" value="C:\Program Files\Java\jdk-11.0.16.1"/>
    <property name="file.separator" value="\"/>
    <property name="basedir" value="C:\Users\qjawn\Desktop\intellij\workspace\shopping-mall\shop-web"/>
    <property name="java.vm.compressedOopsMode" value="Zero based"/>
    <property name="line.separator" value="&#10;"/>
    <property name="java.specification.name" value="Java Platform API Specification"/>
    <property name="java.vm.specification.vendor" value="Oracle Corporation"/>
    <property name="java.awt.graphicsenv" value="sun.awt.Win32GraphicsEnvironment"/>
    <property name="surefire.real.class.path" value="C:\Users\qjawn\AppData\Local\Temp\surefire17321281504058869233\surefirebooter18215218331377996596.jar"/>
    <property name="user.script" value=""/>
    <property name="sun.management.compiler" value="HotSpot 64-Bit Tiered Compilers"/>
    <property name="java.runtime.version" value="11.0.16.1+1-LTS-1"/>
    <property name="user.name" value="qjawn"/>
    <property name="path.separator" value=";"/>
    <property name="os.version" value="10.0"/>
    <property name="java.runtime.name" value="Java(TM) SE Runtime Environment"/>
    <property name="file.encoding" value="MS949"/>
    <property name="java.vm.name" value="Java HotSpot(TM) 64-Bit Server VM"/>
    <property name="java.vendor.version" value="18.9"/>
    <property name="localRepository" value="C:\maven\repository\repo-shop"/>
    <property name="java.vendor.url.bug" value="https://bugreport.java.com/bugreport/"/>
    <property name="java.io.tmpdir" value="C:\Users\qjawn\AppData\Local\Temp\"/>
    <property name="idea.version" value="2023.1.4"/>
    <property name="java.version" value="11.0.16.1"/>
    <property name="user.dir" value="C:\Users\qjawn\Desktop\intellij\workspace\shopping-mall\shop-web"/>
    <property name="os.arch" value="amd64"/>
    <property name="java.vm.specification.name" value="Java Virtual Machine Specification"/>
    <property name="java.awt.printerjob" value="sun.awt.windows.WPrinterJob"/>
    <property name="sun.os.patch.level" value=""/>
    <property name="java.library.path" value="C:\Program Files\Java\jdk-11.0.16.1\bin;C:\WINDOWS\Sun\Java\bin;C:\WINDOWS\system32;C:\WINDOWS;C:\Program Files\Java\jdk-11.0.16.1\bin;C:\Program Files\Common Files\Oracle\Java\javapath;C:\Python310\Scripts\;C:\Python310\;C:\Program Files (x86)\Common Files\Oracle\Java\javapath;C:\WINDOWS\system32;C:\WINDOWS;C:\WINDOWS\System32\Wbem;C:\WINDOWS\System32\WindowsPowerShell\v1.0\;C:\WINDOWS\System32\OpenSSH\;C:\maven\bin;C:\ProgramData\chocolatey\bin;C:\Program Files\nodejs\;C:\gradle-8.2.1\bin;C:\Program Files\Git\cmd;C:\Program Files\MySQL\MySQL Shell 8.0\bin\;C:\Users\qjawn\AppData\Local\Microsoft\WindowsApps;C:\Program Files\Bandizip\;C:\Users\qjawn\AppData\Roaming\npm;;C:\Program Files\Microsoft VS Code\bin;."/>
    <property name="java.vendor" value="Oracle Corporation"/>
    <property name="java.vm.info" value="mixed mode"/>
    <property name="java.vm.version" value="11.0.16.1+1-LTS-1"/>
    <property name="sun.io.unicode.encoding" value="UnicodeLittle"/>
    <property name="java.class.version" value="55.0"/>
  </properties>
  <testcase name="junitTest" classname="com.common.JunitTest" time="0.016"/>
</testsuite>